<?xml version="1.0" encoding="UTF-8" ?>
<testsuite tests="20" failures="0" name="com.main.TestLongestWord" time="0.006" errors="0" skipped="0">
  <properties>
    <property name="java.runtime.name" value="Java(TM) SE Runtime Environment"/>
    <property name="java.vm.version" value="12.0.2+10"/>
    <property name="sun.boot.library.path" value="C:\Program Files\Java\jdk-12.0.2\bin"/>
    <property name="maven.multiModuleProjectDirectory" value="D:\Users\alecs\eclipse-workspace\find-longest-word"/>
    <property name="java.vm.vendor" value="Oracle Corporation"/>
    <property name="java.vendor.url" value="https://java.oracle.com/"/>
    <property name="guice.disable.misplaced.annotation.check" value="true"/>
    <property name="path.separator" value=";"/>
    <property name="java.vm.name" value="Java HotSpot(TM) 64-Bit Server VM"/>
    <property name="sun.os.patch.level" value=""/>
    <property name="user.script" value=""/>
    <property name="user.country" value="US"/>
    <property name="sun.java.launcher" value="SUN_STANDARD"/>
    <property name="java.vm.specification.name" value="Java Virtual Machine Specification"/>
    <property name="user.dir" value="D:\Users\alecs\eclipse-workspace\find-longest-word"/>
    <property name="java.vm.compressedOopsMode" value="Zero based"/>
    <property name="java.runtime.version" value="12.0.2+10"/>
    <property name="java.awt.graphicsenv" value="sun.awt.Win32GraphicsEnvironment"/>
    <property name="os.arch" value="amd64"/>
    <property name="java.io.tmpdir" value="C:\Users\alecs\AppData\Local\Temp\"/>
    <property name="line.separator" value="
"/>
    <property name="java.vm.specification.vendor" value="Oracle Corporation"/>
    <property name="user.variant" value=""/>
    <property name="os.name" value="Windows 10"/>
    <property name="classworlds.conf" value="D:\Program Files\Maven\apache-maven-3.6.2\bin\..\bin\m2.conf"/>
    <property name="sun.jnu.encoding" value="Cp1252"/>
    <property name="java.library.path" value="C:\Program Files\Java\jdk-12.0.2\bin;C:\Windows\Sun\Java\bin;C:\Windows\system32;C:\Windows;C:\Program Files (x86)\Intel\Intel(R) Management Engine Components\iCLS\;C:\Program Files\Intel\Intel(R) Management Engine Components\iCLS\;C:\Windows\system32;C:\Windows;C:\Windows\System32\Wbem;C:\Windows\System32\WindowsPowerShell\v1.0\;C:\Windows\System32\OpenSSH\;C:\Program Files (x86)\Intel\Intel(R) Management Engine Components\DAL;C:\Program Files\Intel\Intel(R) Management Engine Components\DAL;C:\Program Files\NVIDIA Corporation\NVIDIA NGX;C:\Program Files (x86)\NVIDIA Corporation\PhysX\Common;C:\Program Files\NVIDIA Corporation\NVIDIA NvDLISR;D:\Program Files\nodejs\;D:\Program Files\Git\cmd;D:\Program Files\Maven\apache-maven-3.6.2\bin;C:\Program Files\Java\jdk-12.0.2\bin;C:\Users\alecs\AppData\Local\Microsoft\WindowsApps;C:\Users\alecs\AppData\Roaming\Dashlane\6.1909.0.18330\bin\Firefox_Extension\{442718d9-475e-452a-b3e1-fb1ee16b8e9f}\components;C:\Users\alecs\AppData\Roaming\Dashlane\6.1909.0.18330\ucrt;C:\Users\alecs\AppData\Roaming\Dashlane\6.1909.0.18330\bin\Qt;C:\Users\alecs\AppData\Roaming\Dashlane\6.1909.0.18330\bin\Ssl;C:\Users\alecs\AppData\Roaming\npm;."/>
    <property name="maven.conf" value="D:\Program Files\Maven\apache-maven-3.6.2\bin\../conf"/>
    <property name="jdk.debug" value="release"/>
    <property name="java.class.version" value="56.0"/>
    <property name="java.specification.name" value="Java Platform API Specification"/>
    <property name="sun.management.compiler" value="HotSpot 64-Bit Tiered Compilers"/>
    <property name="os.version" value="10.0"/>
    <property name="library.jansi.path" value="D:\Program Files\Maven\apache-maven-3.6.2\bin\..\lib\jansi-native"/>
    <property name="user.home" value="C:\Users\alecs"/>
    <property name="user.timezone" value="America/New_York"/>
    <property name="file.encoding" value="Cp1252"/>
    <property name="java.specification.version" value="12"/>
    <property name="user.name" value="alecs"/>
    <property name="java.class.path" value="D:\Program Files\Maven\apache-maven-3.6.2\bin\..\boot\plexus-classworlds-2.6.0.jar"/>
    <property name="java.vm.specification.version" value="12"/>
    <property name="sun.arch.data.model" value="64"/>
    <property name="sun.java.command" value="org.codehaus.plexus.classworlds.launcher.Launcher test"/>
    <property name="java.home" value="C:\Program Files\Java\jdk-12.0.2"/>
    <property name="user.language" value="en"/>
    <property name="java.specification.vendor" value="Oracle Corporation"/>
    <property name="awt.toolkit" value="sun.awt.windows.WToolkit"/>
    <property name="java.vm.info" value="mixed mode, sharing"/>
    <property name="java.version" value="12.0.2"/>
    <property name="java.vendor" value="Oracle Corporation"/>
    <property name="sun.stderr.encoding" value="cp437"/>
    <property name="maven.home" value="D:\Program Files\Maven\apache-maven-3.6.2\bin\.."/>
    <property name="file.separator" value="\"/>
    <property name="java.version.date" value="2019-07-16"/>
    <property name="java.vendor.url.bug" value="https://bugreport.java.com/bugreport/"/>
    <property name="sun.io.unicode.encoding" value="UnicodeLittle"/>
    <property name="sun.cpu.endian" value="little"/>
    <property name="sun.stdout.encoding" value="cp437"/>
    <property name="sun.desktop" value="windows"/>
    <property name="sun.cpu.isalist" value="amd64"/>
  </properties>
  <testcase classname="com.main.TestLongestWord" name="tabAndLetterTest" time="0.003"/>
  <testcase classname="com.main.TestLongestWord" name="nullTest" time="0"/>
  <testcase classname="com.main.TestLongestWord" name="singleNumberTest" time="0"/>
  <testcase classname="com.main.TestLongestWord" name="tabTest" time="0"/>
  <testcase classname="com.main.TestLongestWord" name="emptyTest" time="0"/>
  <testcase classname="com.main.TestLongestWord" name="specialCharTest" time="0"/>
  <testcase classname="com.main.TestLongestWord" name="oneWordPunctuationTest" time="0.001"/>
  <testcase classname="com.main.TestLongestWord" name="providedTest" time="0"/>
  <testcase classname="com.main.TestLongestWord" name="numberTest" time="0"/>
  <testcase classname="com.main.TestLongestWord" name="emailAddressTest" time="0"/>
  <testcase classname="com.main.TestLongestWord" name="multipleUnderscoreTest" time="0"/>
  <testcase classname="com.main.TestLongestWord" name="sentenceWithMultiplePunctuationEndTest" time="0"/>
  <testcase classname="com.main.TestLongestWord" name="oneWordTest" time="0"/>
  <testcase classname="com.main.TestLongestWord" name="numbersAndWordsTest" time="0"/>
  <testcase classname="com.main.TestLongestWord" name="caseInsensitiveTest" time="0"/>
  <testcase classname="com.main.TestLongestWord" name="oneLetterTest" time="0.001"/>
  <testcase classname="com.main.TestLongestWord" name="singleUnderscoreTest" time="0"/>
  <testcase classname="com.main.TestLongestWord" name="noSpacesTest" time="0.001"/>
  <testcase classname="com.main.TestLongestWord" name="punctuationInMiddleTest" time="0"/>
  <testcase classname="com.main.TestLongestWord" name="beginningWordPunctuationTest" time="0"/>
</testsuite>